Instanciador iniciado correctamente
-------------------- - 
Se realiza login de manera correcta
Se accede correctamente a Gesti贸n de Cliente
Se accede correctamente a la secci贸n Mis Ofertas lyntia
Nueva Oferta creada correctamente
Se han introducido correctamente los campos de la Oferta: CRM_APR0008, CLIENTE INTEGRACION, Nuevo servicio, # BizQA.
La Oferta se guarda correctamente.
Producto guardado correctamente: UbiRed Business, FTTT, 1 Gbps, , 4, 
Se agrega un producto heredado correctamente y se guarda
***Se verifica que faltan campos por informar.
Precio mensual, duracion del contrato y NRC se guardan correctamente
El reestablecimiento de la prueba no se ha realizado correctamente
-------------------- - 
-------------------- - 
Excepci贸n: OpenQA.Selenium.WebDriverTimeoutException: Timed out after 45 seconds
 ---> OpenQA.Selenium.NoSuchElementException: no such element: Unable to locate element: {"method":"xpath","selector":"//input[@aria-label='Alternar la selecci贸n de todas las filas']"}
  (Session info: chrome=111.0.5563.66)
   at OpenQA.Selenium.WebDriver.UnpackAndThrowOnError(Response errorResponse, String commandToExecute)
   at OpenQA.Selenium.WebDriver.Execute(String driverCommandToExecute, Dictionary`2 parameters)
   at OpenQA.Selenium.WebDriver.FindElement(String mechanism, String value)
   at OpenQA.Selenium.By.<.ctor>b__11_0(ISearchContext context)
   at OpenQA.Selenium.By.FindElement(ISearchContext context)
   at OpenQA.Selenium.WebDriver.FindElement(By by)
   at SeleniumExtras.WaitHelpers.ExpectedConditions.<>c__DisplayClass7_0.<ElementIsVisible>b__0(IWebDriver driver)
   at OpenQA.Selenium.Support.UI.DefaultWait`1.Until[TResult](Func`2 condition, CancellationToken token)
   --- End of inner exception stack trace ---
   at OpenQA.Selenium.Support.UI.DefaultWait`1.ThrowTimeoutException(String exceptionMessage, Exception lastException)
   at OpenQA.Selenium.Support.UI.DefaultWait`1.Until[TResult](Func`2 condition, CancellationToken token)
   at OpenQA.Selenium.Support.UI.DefaultWait`1.Until[TResult](Func`2 condition)
   at Lyntia.TestSet.Actions.ProductoActions.Borrado_de_producto() in C:\Testing\Lyntia\Lyntia\TestSet\Actions\ProductoActions.cs:line 352
