Instanciador iniciado correctamente
-------------------- - 
Se realiza login de manera correcta
Se accede correctamente a Gesti贸n de Cliente
Se accede correctamente a la secci贸n Mis Ofertas lyntia
Nueva Oferta creada correctamente
Se han introducido correctamente los campos de la Oferta: CRM_COF0009, CLIENTE PRUEBAS AUTOMATICAS, Cambio de direcci贸n, # BizQA.
La Oferta se guarda correctamente.
***No se cumplen las condiciones para guardar la oferta
-------------------- - 
-------------------- - 
Excepci贸n: OpenQA.Selenium.WebDriverTimeoutException: Timed out after 45 seconds
 ---> OpenQA.Selenium.NoSuchElementException: no such element: Unable to locate element: {"method":"xpath","selector":"//input[@aria-label='Nombre oferta']"}
  (Session info: chrome=118.0.5993.89); For documentation on this error, please visit: https://www.selenium.dev/documentation/webdriver/troubleshooting/errors#no-such-element-exception
   at OpenQA.Selenium.WebDriver.UnpackAndThrowOnError(Response errorResponse, String commandToExecute)
   at OpenQA.Selenium.WebDriver.Execute(String driverCommandToExecute, Dictionary`2 parameters)
   at OpenQA.Selenium.WebDriver.FindElement(String mechanism, String value)
   at OpenQA.Selenium.By.<.ctor>b__11_0(ISearchContext context)
   at OpenQA.Selenium.By.FindElement(ISearchContext context)
   at OpenQA.Selenium.WebDriver.FindElement(By by)
   at SeleniumExtras.WaitHelpers.ExpectedConditions.<>c__DisplayClass19_0.<ElementToBeClickable>b__0(IWebDriver driver)
   at OpenQA.Selenium.Support.UI.DefaultWait`1.Until[TResult](Func`2 condition, CancellationToken token)
   --- End of inner exception stack trace ---
   at OpenQA.Selenium.Support.UI.DefaultWait`1.ThrowTimeoutException(String exceptionMessage, Exception lastException)
   at OpenQA.Selenium.Support.UI.DefaultWait`1.Until[TResult](Func`2 condition, CancellationToken token)
   at OpenQA.Selenium.Support.UI.DefaultWait`1.Until[TResult](Func`2 condition)
   at Lyntia.TestSet.Actions.CommonActions.waitElement(By locator) in C:\Users\joel.amores\source\repos\Lyntia-automation\Lyntia\TestSet\Actions\CommonActions.cs:line 264
   at Lyntia.TestSet.Actions.CommonActions.getElement(By locator) in C:\Users\joel.amores\source\repos\Lyntia-automation\Lyntia\TestSet\Actions\CommonActions.cs:line 238
   at Lyntia.TestSet.Conditions.OfertaConditions.validar_OfertaGuardadaCorrectamente(Dictionary`2 datosTestCase) in C:\Users\joel.amores\source\repos\Lyntia-automation\Lyntia\TestSet\Conditions\OfertaConditions.cs:line 119
