Instanciador iniciado correctamente
-------------------- - 
Se realiza login de manera correcta
Se accede correctamente a Gestión de Cliente
Se accede correctamente a la sección Mis Ofertas lyntia
Nueva Oferta creada correctamente
Se han introducido correctamente los campos de la Oferta: CRM_APR0001, CLIENTE INTEGRACION, Nuevo servicio, # BizQA.
La Oferta se guarda correctamente.
Producto guardado correctamente: UbiRed Business, , , , , 
Se pulsa correctamente sobre agregar producto
***No se verifica la edición del producto.
-------------------- - 
-------------------- - 
Excepción: OpenQA.Selenium.WebDriverTimeoutException: Timed out after 45 seconds
 ---> OpenQA.Selenium.NoSuchElementException: no such element: Unable to locate element: {"method":"xpath","selector":"//*[@id="notificationWrapper4_message"]"}
  (Session info: chrome=109.0.5414.120)
   at OpenQA.Selenium.WebDriver.UnpackAndThrowOnError(Response errorResponse, String commandToExecute)
   at OpenQA.Selenium.WebDriver.Execute(String driverCommandToExecute, Dictionary`2 parameters)
   at OpenQA.Selenium.WebDriver.FindElement(String mechanism, String value)
   at OpenQA.Selenium.By.<.ctor>b__11_0(ISearchContext context)
   at OpenQA.Selenium.By.FindElement(ISearchContext context)
   at OpenQA.Selenium.WebDriver.FindElement(By by)
   at SeleniumExtras.WaitHelpers.ExpectedConditions.<>c__DisplayClass19_0.<ElementToBeClickable>b__0(IWebDriver driver)
   at OpenQA.Selenium.Support.UI.DefaultWait`1.Until[TResult](Func`2 condition, CancellationToken token)
   --- End of inner exception stack trace ---
   at OpenQA.Selenium.Support.UI.DefaultWait`1.ThrowTimeoutException(String exceptionMessage, Exception lastException)
   at OpenQA.Selenium.Support.UI.DefaultWait`1.Until[TResult](Func`2 condition, CancellationToken token)
   at OpenQA.Selenium.Support.UI.DefaultWait`1.Until[TResult](Func`2 condition)
   at Lyntia.TestSet.Actions.CommonActions.waitElement(String keyDictionary) in C:\Desarrollo\Lyntia\Lyntia\TestSet\Actions\CommonActions.cs:line 273
   at Lyntia.TestSet.Actions.CommonActions.getElement(String keyDictionary) in C:\Desarrollo\Lyntia\Lyntia\TestSet\Actions\CommonActions.cs:line 230
   at Lyntia.TestSet.Conditions.ProductoConditions.Resultado_Editar_añadir_producto() in C:\Desarrollo\Lyntia\Lyntia\TestSet\Conditions\ProductoConditions.cs:line 102
