Instanciador iniciado correctamente
-------------------- - 
Se realiza login de manera correcta
Se accede correctamente a Gestión de Cliente
Se accede correctamente a la sección Mis Ofertas lyntia
Nueva Oferta creada correctamente
Se han introducido correctamente los campos de la Oferta: CRM-COF0005, CLIENTE INTEGRACION, Cambio de precio/Renovación, # BizQA.
La Oferta se guarda correctamente.
***Se cumplen las condiciones de guardado de oferta correctamente
Se accede correctamente a la pestaña Fechas de la Oferta.
***Las condiciones de fechas informadas correctamente han sido OK
Se elimina la Oferta correctamente.
Se pulsa correctamente Eliminar.
Se accede correctamente a la sección Mis Ofertas lyntia
Nueva Oferta creada correctamente
Se han introducido correctamente los campos de la Oferta: CRM-COF0005, CLIENTE INTEGRACION, Cambio de precio/Renovación, # BizQA.
La Oferta se guarda y cierra correctamente.
El proceso de búsqueda de Oferta por parámetro CRM-COF00051205230831 ha fallado.
-------------------- - 
-------------------- - 
Excepción: OpenQA.Selenium.WebDriverTimeoutException: Timed out after 45 seconds
 ---> OpenQA.Selenium.NoSuchElementException: no such element: Unable to locate element: {"method":"xpath","selector":"//input[contains(@id,'quickFind')]"}
  (Session info: chrome=113.0.5672.92)
   at OpenQA.Selenium.WebDriver.UnpackAndThrowOnError(Response errorResponse, String commandToExecute)
   at OpenQA.Selenium.WebDriver.Execute(String driverCommandToExecute, Dictionary`2 parameters)
   at OpenQA.Selenium.WebDriver.FindElement(String mechanism, String value)
   at OpenQA.Selenium.By.<.ctor>b__11_0(ISearchContext context)
   at OpenQA.Selenium.By.FindElement(ISearchContext context)
   at OpenQA.Selenium.WebDriver.FindElement(By by)
   at SeleniumExtras.WaitHelpers.ExpectedConditions.<>c__DisplayClass19_0.<ElementToBeClickable>b__0(IWebDriver driver)
   at OpenQA.Selenium.Support.UI.DefaultWait`1.Until[TResult](Func`2 condition, CancellationToken token)
   --- End of inner exception stack trace ---
   at OpenQA.Selenium.Support.UI.DefaultWait`1.ThrowTimeoutException(String exceptionMessage, Exception lastException)
   at OpenQA.Selenium.Support.UI.DefaultWait`1.Until[TResult](Func`2 condition, CancellationToken token)
   at OpenQA.Selenium.Support.UI.DefaultWait`1.Until[TResult](Func`2 condition)
   at Lyntia.TestSet.Actions.CommonActions.waitAndClick(String elementKey) in C:\Users\joel.amores\source\repos\Lyntia-automation\Lyntia\TestSet\Actions\CommonActions.cs:line 248
   at Lyntia.TestSet.Actions.CommonActions.rellenarCampoInput(String elementoKey, String text) in C:\Users\joel.amores\source\repos\Lyntia-automation\Lyntia\TestSet\Actions\CommonActions.cs:line 158
   at Lyntia.TestSet.Actions.OfertaActions.BuscarOfertaEnVista(String parametroBusqueda) in C:\Users\joel.amores\source\repos\Lyntia-automation\Lyntia\TestSet\Actions\OfertaActions.cs:line 296
