Instanciador iniciado correctamente
-------------------- - 
Se realiza login de manera correcta
Se accede correctamente a Gestión de Cliente
Se accede correctamente a la sección Mis Ofertas lyntia
Nueva Oferta creada correctamente
***No se cumplen las condiciones para crear oferta correctamente
-------------------- - 
-------------------- - 
Excepción: OpenQA.Selenium.WebDriverTimeoutException: Timed out after 45 seconds
 ---> OpenQA.Selenium.NoSuchElementException: no such element: Unable to locate element: {"method":"xpath","selector":"//div[contains(@data-id,'transactioncurrencyid_selected_tag_text')]"}
  (Session info: chrome=107.0.5304.107)
   at OpenQA.Selenium.WebDriver.UnpackAndThrowOnError(Response errorResponse, String commandToExecute)
   at OpenQA.Selenium.WebDriver.Execute(String driverCommandToExecute, Dictionary`2 parameters)
   at OpenQA.Selenium.WebDriver.FindElement(String mechanism, String value)
   at OpenQA.Selenium.By.<.ctor>b__11_0(ISearchContext context)
   at OpenQA.Selenium.By.FindElement(ISearchContext context)
   at OpenQA.Selenium.WebDriver.FindElement(By by)
   at SeleniumExtras.WaitHelpers.ExpectedConditions.<>c__DisplayClass19_0.<ElementToBeClickable>b__0(IWebDriver driver)
   at OpenQA.Selenium.Support.UI.DefaultWait`1.Until[TResult](Func`2 condition, CancellationToken token)
   --- End of inner exception stack trace ---
   at OpenQA.Selenium.Support.UI.DefaultWait`1.ThrowTimeoutException(String exceptionMessage, Exception lastException)
   at OpenQA.Selenium.Support.UI.DefaultWait`1.Until[TResult](Func`2 condition, CancellationToken token)
   at OpenQA.Selenium.Support.UI.DefaultWait`1.Until[TResult](Func`2 condition)
   at Lyntia.TestSet.Actions.CommonActions.waitElement(By locator) in C:\Users\GUILLEM.MAGRIÑA.EXT\source\repos\Lyntia-automation\Lyntia\TestSet\Actions\CommonActions.cs:line 262
   at Lyntia.TestSet.Actions.CommonActions.getElement(By locator) in C:\Users\GUILLEM.MAGRIÑA.EXT\source\repos\Lyntia-automation\Lyntia\TestSet\Actions\CommonActions.cs:line 236
   at Lyntia.TestSet.Conditions.OfertaConditions.validar_CondicionesCreacionOferta() in C:\Users\GUILLEM.MAGRIÑA.EXT\source\repos\Lyntia-automation\Lyntia\TestSet\Conditions\OfertaConditions.cs:line 40
No se ha podido crear una oferta con estado borrador
-------------------- - 
-------------------- - 
Excepción: OpenQA.Selenium.WebDriverTimeoutException: Timed out after 45 seconds
 ---> OpenQA.Selenium.NoSuchElementException: no such element: Unable to locate element: {"method":"xpath","selector":"//div[contains(@data-id,'transactioncurrencyid_selected_tag_text')]"}
  (Session info: chrome=107.0.5304.107)
   at OpenQA.Selenium.WebDriver.UnpackAndThrowOnError(Response errorResponse, String commandToExecute)
   at OpenQA.Selenium.WebDriver.Execute(String driverCommandToExecute, Dictionary`2 parameters)
   at OpenQA.Selenium.WebDriver.FindElement(String mechanism, String value)
   at OpenQA.Selenium.By.<.ctor>b__11_0(ISearchContext context)
   at OpenQA.Selenium.By.FindElement(ISearchContext context)
   at OpenQA.Selenium.WebDriver.FindElement(By by)
   at SeleniumExtras.WaitHelpers.ExpectedConditions.<>c__DisplayClass19_0.<ElementToBeClickable>b__0(IWebDriver driver)
   at OpenQA.Selenium.Support.UI.DefaultWait`1.Until[TResult](Func`2 condition, CancellationToken token)
   --- End of inner exception stack trace ---
   at Lyntia.TestSet.Conditions.OfertaConditions.validar_CondicionesCreacionOferta() in C:\Users\GUILLEM.MAGRIÑA.EXT\source\repos\Lyntia-automation\Lyntia\TestSet\Conditions\OfertaConditions.cs:line 47
   at Lyntia.TestSet.Actions.OfertaActions.crearOfertaBorrador(Dictionary`2 datosTestCase) in C:\Users\GUILLEM.MAGRIÑA.EXT\source\repos\Lyntia-automation\Lyntia\TestSet\Actions\OfertaActions.cs:line 188
