Instanciador iniciado correctamente
-------------------- - 
Se realiza login de manera correcta
Se accede correctamente a Gestión de Cliente
Se accede correctamente a la sección Mis Ofertas lyntia
Nueva Oferta creada correctamente
***Se cumplen las condiciones de crear oferta
Se han introducido correctamente los campos de la Oferta: CRM_COF0011, CLIENTE INTEGRACION, , .
La Oferta se guarda correctamente.
Producto guardado correctamente: Circuitos de capacidad, FTTT, 1 Gbps, , 10, 
Se accede a la ventana de Adjudicar Oferta.
***Se cumple la condicion de oferta adjudicada correctamente
se continua con el pedido correctamente.
Se accede correctamente a la sección Mis Ofertas lyntia
No se pudo agregar un filtro avanzado
-------------------- - 
-------------------- - 
Excepción: OpenQA.Selenium.WebDriverTimeoutException: Timed out after 45 seconds
 ---> OpenQA.Selenium.NoSuchElementException: no such element: Unable to locate element: {"method":"css selector","selector":"input[value='']:not([value*='igual'])+button"}
  (Session info: chrome=111.0.5563.111)
   at OpenQA.Selenium.WebDriver.UnpackAndThrowOnError(Response errorResponse, String commandToExecute)
   at OpenQA.Selenium.WebDriver.Execute(String driverCommandToExecute, Dictionary`2 parameters)
   at OpenQA.Selenium.WebDriver.FindElement(String mechanism, String value)
   at OpenQA.Selenium.By.<.ctor>b__11_0(ISearchContext context)
   at OpenQA.Selenium.By.FindElement(ISearchContext context)
   at OpenQA.Selenium.WebDriver.FindElement(By by)
   at SeleniumExtras.WaitHelpers.ExpectedConditions.<>c__DisplayClass19_0.<ElementToBeClickable>b__0(IWebDriver driver)
   at OpenQA.Selenium.Support.UI.DefaultWait`1.Until[TResult](Func`2 condition, CancellationToken token)
   --- End of inner exception stack trace ---
   at OpenQA.Selenium.Support.UI.DefaultWait`1.ThrowTimeoutException(String exceptionMessage, Exception lastException)
   at OpenQA.Selenium.Support.UI.DefaultWait`1.Until[TResult](Func`2 condition, CancellationToken token)
   at OpenQA.Selenium.Support.UI.DefaultWait`1.Until[TResult](Func`2 condition)
   at Lyntia.TestSet.Actions.CommonActions.waitAndClick(By byElement) in C:\Users\arnau.suiles.ext\source\repos\Lyntia-automation\Lyntia\TestSet\Actions\CommonActions.cs:line 255
   at Lyntia.TestSet.Actions.CommonActions.agregarFiltroAvanzado(String nombreFiltro, String valorFiltro) in C:\Users\arnau.suiles.ext\source\repos\Lyntia-automation\Lyntia\TestSet\Actions\CommonActions.cs:line 297
El proceso de búsqueda de Oferta por parámetro CRM_COF0011 ha fallado.
-------------------- - 
-------------------- - 
Excepción: OpenQA.Selenium.WebDriverTimeoutException: Timed out after 45 seconds
 ---> OpenQA.Selenium.NoSuchElementException: no such element: Unable to locate element: {"method":"xpath","selector":"//input[contains(@id,'quickFind')]"}
  (Session info: chrome=111.0.5563.111)
   at OpenQA.Selenium.WebDriver.UnpackAndThrowOnError(Response errorResponse, String commandToExecute)
   at OpenQA.Selenium.WebDriver.Execute(String driverCommandToExecute, Dictionary`2 parameters)
   at OpenQA.Selenium.WebDriver.FindElement(String mechanism, String value)
   at OpenQA.Selenium.By.<.ctor>b__11_0(ISearchContext context)
   at OpenQA.Selenium.By.FindElement(ISearchContext context)
   at OpenQA.Selenium.WebDriver.FindElement(By by)
   at SeleniumExtras.WaitHelpers.ExpectedConditions.<>c__DisplayClass19_0.<ElementToBeClickable>b__0(IWebDriver driver)
   at OpenQA.Selenium.Support.UI.DefaultWait`1.Until[TResult](Func`2 condition, CancellationToken token)
   --- End of inner exception stack trace ---
   at OpenQA.Selenium.Support.UI.DefaultWait`1.ThrowTimeoutException(String exceptionMessage, Exception lastException)
   at OpenQA.Selenium.Support.UI.DefaultWait`1.Until[TResult](Func`2 condition, CancellationToken token)
   at OpenQA.Selenium.Support.UI.DefaultWait`1.Until[TResult](Func`2 condition)
   at Lyntia.TestSet.Actions.CommonActions.waitAndClick(String elementKey) in C:\Users\arnau.suiles.ext\source\repos\Lyntia-automation\Lyntia\TestSet\Actions\CommonActions.cs:line 248
   at Lyntia.TestSet.Actions.CommonActions.rellenarCampoInput(String elementoKey, String text) in C:\Users\arnau.suiles.ext\source\repos\Lyntia-automation\Lyntia\TestSet\Actions\CommonActions.cs:line 158
   at Lyntia.TestSet.Actions.OfertaActions.BuscarOfertaEnVista(String parametroBusqueda) in C:\Users\arnau.suiles.ext\source\repos\Lyntia-automation\Lyntia\TestSet\Actions\OfertaActions.cs:line 293
No se accede a una Oferta Adjudicada.
-------------------- - 
-------------------- - 
Excepción: OpenQA.Selenium.WebDriverTimeoutException: Timed out after 45 seconds
 ---> OpenQA.Selenium.NoSuchElementException: no such element: Unable to locate element: {"method":"xpath","selector":"//input[contains(@id,'quickFind')]"}
  (Session info: chrome=111.0.5563.111)
   at OpenQA.Selenium.WebDriver.UnpackAndThrowOnError(Response errorResponse, String commandToExecute)
   at OpenQA.Selenium.WebDriver.Execute(String driverCommandToExecute, Dictionary`2 parameters)
   at OpenQA.Selenium.WebDriver.FindElement(String mechanism, String value)
   at OpenQA.Selenium.By.<.ctor>b__11_0(ISearchContext context)
   at OpenQA.Selenium.By.FindElement(ISearchContext context)
   at OpenQA.Selenium.WebDriver.FindElement(By by)
   at SeleniumExtras.WaitHelpers.ExpectedConditions.<>c__DisplayClass19_0.<ElementToBeClickable>b__0(IWebDriver driver)
   at OpenQA.Selenium.Support.UI.DefaultWait`1.Until[TResult](Func`2 condition, CancellationToken token)
   --- End of inner exception stack trace ---
   at Lyntia.TestSet.Actions.OfertaActions.BuscarOfertaEnVista(String parametroBusqueda) in C:\Users\arnau.suiles.ext\source\repos\Lyntia-automation\Lyntia\TestSet\Actions\OfertaActions.cs:line 300
   at Lyntia.TestSet.Actions.OfertaActions.AccederOfertaestado_Adjudicada(Dictionary`2 datosTestCase) in C:\Users\arnau.suiles.ext\source\repos\Lyntia-automation\Lyntia\TestSet\Actions\OfertaActions.cs:line 680
