Instanciador iniciado correctamente
-------------------- - 
Se realiza login de manera correcta
Se accede correctamente a Gestión de Cliente
Se accede correctamente a la sección Mis Ofertas lyntia
Nueva Oferta creada correctamente
***Se cumplen las condiciones de crear oferta
Se han introducido correctamente los campos de la Oferta: CRM_COF0001, CLIENTE INTEGRACION, Nuevo servicio, .
La Oferta se guarda y cierra correctamente.
Se abre la Oferta CRM_COF00011302230827 se abre correctamente.
***Se cumple la condicion resultado edicion de una oferta
Se cancela el proceso de eliminación.
Se pulsa correctamente Eliminar.
Se elimina la Oferta correctamente.
Se pulsa correctamente Eliminar.
Se busca la Oferta por parámetro: CRM_COF00011302230827.
 ***NO se cumple la condicion de que no existe el dato
-------------------- - 
-------------------- - 
Excepción: OpenQA.Selenium.WebDriverTimeoutException: Timed out after 45 seconds
 ---> OpenQA.Selenium.NoSuchElementException: no such element: Unable to locate element: {"method":"xpath","selector":"//div[@data-type='Grid']//span[contains(text(), 'No hay datos disponibles')]"}
  (Session info: chrome=109.0.5414.120)
   at OpenQA.Selenium.WebDriver.UnpackAndThrowOnError(Response errorResponse, String commandToExecute)
   at OpenQA.Selenium.WebDriver.Execute(String driverCommandToExecute, Dictionary`2 parameters)
   at OpenQA.Selenium.WebDriver.FindElement(String mechanism, String value)
   at OpenQA.Selenium.By.<.ctor>b__11_0(ISearchContext context)
   at OpenQA.Selenium.By.FindElement(ISearchContext context)
   at OpenQA.Selenium.WebDriver.FindElement(By by)
   at SeleniumExtras.WaitHelpers.ExpectedConditions.<>c__DisplayClass19_0.<ElementToBeClickable>b__0(IWebDriver driver)
   at OpenQA.Selenium.Support.UI.DefaultWait`1.Until[TResult](Func`2 condition, CancellationToken token)
   --- End of inner exception stack trace ---
   at OpenQA.Selenium.Support.UI.DefaultWait`1.ThrowTimeoutException(String exceptionMessage, Exception lastException)
   at OpenQA.Selenium.Support.UI.DefaultWait`1.Until[TResult](Func`2 condition, CancellationToken token)
   at OpenQA.Selenium.Support.UI.DefaultWait`1.Until[TResult](Func`2 condition)
   at Lyntia.TestSet.Actions.CommonActions.waitElement(String keyDictionary) in C:\Testing\Lyntia\Lyntia\TestSet\Actions\CommonActions.cs:line 273
   at Lyntia.TestSet.Actions.CommonActions.getElement(String keyDictionary) in C:\Testing\Lyntia\Lyntia\TestSet\Actions\CommonActions.cs:line 230
   at Lyntia.TestSet.Conditions.OfertaConditions.Datos_disponibles() in C:\Testing\Lyntia\Lyntia\TestSet\Conditions\OfertaConditions.cs:line 536
