Instanciador iniciado correctamente
-------------------- - 
Se realiza login de manera correcta
Se accede correctamente a Gesti칩n de Cliente
Se accede correctamente a la secci칩n Mis Ofertas lyntia
Nueva Oferta creada correctamente
***Se cumplen las condiciones de crear oferta
Se han introducido correctamente los campos de la Oferta: CRM_POAF0003, CLIENTE INTEGRACION, Nuevo servicio, .
La Oferta se guarda correctamente.
No se a침aden correctamente los datos del Producto: UbiRed Pro, FTTT, 1 Gbps
-------------------- - 
-------------------- - 
Excepci칩n: OpenQA.Selenium.WebDriverTimeoutException: Timed out after 45 seconds
 ---> OpenQA.Selenium.NoSuchElementException: no such element: Unable to locate element: {"method":"css selector","selector":"li[aria-label*='UbiRed Pro']"}
  (Session info: chrome=110.0.5481.105)
   at OpenQA.Selenium.WebDriver.UnpackAndThrowOnError(Response errorResponse, String commandToExecute)
   at OpenQA.Selenium.WebDriver.Execute(String driverCommandToExecute, Dictionary`2 parameters)
   at OpenQA.Selenium.WebDriver.FindElement(String mechanism, String value)
   at OpenQA.Selenium.By.<.ctor>b__11_0(ISearchContext context)
   at OpenQA.Selenium.By.FindElement(ISearchContext context)
   at OpenQA.Selenium.WebDriver.FindElement(By by)
   at OpenQA.Selenium.Support.UI.DefaultWait`1.Until[TResult](Func`2 condition, CancellationToken token)
   --- End of inner exception stack trace ---
   at OpenQA.Selenium.Support.UI.DefaultWait`1.ThrowTimeoutException(String exceptionMessage, Exception lastException)
   at OpenQA.Selenium.Support.UI.DefaultWait`1.Until[TResult](Func`2 condition, CancellationToken token)
   at OpenQA.Selenium.Support.UI.DefaultWait`1.Until[TResult](Func`2 condition)
   at Lyntia.TestSet.Actions.CommonActions.seleccionarDesplegable(String textoBusqueda) in C:\Users\arnau.suiles.ext\source\repos\Lyntia-automation\Lyntia\TestSet\Actions\CommonActions.cs:line 194
   at Lyntia.TestSet.Actions.CommonActions.rellenarCampoConDesplegable(String elementoKey, String text) in C:\Users\arnau.suiles.ext\source\repos\Lyntia-automation\Lyntia\TestSet\Actions\CommonActions.cs:line 170
   at Lyntia.TestSet.Actions.ProductoActions.CreacionProducto(Dictionary`2 datosRepositorio) in C:\Users\arnau.suiles.ext\source\repos\Lyntia-automation\Lyntia\TestSet\Actions\ProductoActions.cs:line 42
