Instanciador iniciado correctamente
-------------------- - 
Se realiza login de manera correcta
Se accede correctamente a Gestión de Cliente
Se accede correctamente a la sección Mis Ofertas lyntia
Nueva Oferta creada correctamente
La Oferta se guarda correctamente.
***Se cumplen las condiciones de una oferta no creada
La Oferta se guarda y cierra correctamente.
***Se cumplen las condiciones de una oferta no creada
Se han introducido correctamente los campos de la Oferta: , CLIENTE PRUEBAS AUTOMATICAS, , .
La Oferta se guarda correctamente.
***No se cumplen las condiciones de una oferta creada
-------------------- - 
-------------------- - 
Excepción: OpenQA.Selenium.WebDriverTimeoutException: Timed out after 45 seconds
 ---> OpenQA.Selenium.NoSuchElementException: no such element: Unable to locate element: {"method":"xpath","selector":"//div[@data-id='notificationWrapper']"}
  (Session info: chrome=116.0.5845.111); For documentation on this error, please visit: https://www.selenium.dev/documentation/webdriver/troubleshooting/errors#no-such-element-exception
   at OpenQA.Selenium.WebDriver.UnpackAndThrowOnError(Response errorResponse, String commandToExecute)
   at OpenQA.Selenium.WebDriver.Execute(String driverCommandToExecute, Dictionary`2 parameters)
   at OpenQA.Selenium.WebDriver.FindElement(String mechanism, String value)
   at OpenQA.Selenium.By.<.ctor>b__11_0(ISearchContext context)
   at OpenQA.Selenium.By.FindElement(ISearchContext context)
   at OpenQA.Selenium.WebDriver.FindElement(By by)
   at SeleniumExtras.WaitHelpers.ExpectedConditions.<>c__DisplayClass19_0.<ElementToBeClickable>b__0(IWebDriver driver)
   at OpenQA.Selenium.Support.UI.DefaultWait`1.Until[TResult](Func`2 condition, CancellationToken token)
   --- End of inner exception stack trace ---
   at OpenQA.Selenium.Support.UI.DefaultWait`1.ThrowTimeoutException(String exceptionMessage, Exception lastException)
   at OpenQA.Selenium.Support.UI.DefaultWait`1.Until[TResult](Func`2 condition, CancellationToken token)
   at OpenQA.Selenium.Support.UI.DefaultWait`1.Until[TResult](Func`2 condition)
   at Lyntia.TestSet.Actions.CommonActions.waitElement(By locator) in C:\Users\joel.amores\source\repos\Lyntia-automation\Lyntia\TestSet\Actions\CommonActions.cs:line 262
   at Lyntia.TestSet.Actions.CommonActions.getElements(By locator) in C:\Users\joel.amores\source\repos\Lyntia-automation\Lyntia\TestSet\Actions\CommonActions.cs:line 242
   at Lyntia.TestSet.Conditions.OfertaConditions.validar_CondicionesOfertaNoCreada() in C:\Users\joel.amores\source\repos\Lyntia-automation\Lyntia\TestSet\Conditions\OfertaConditions.cs:line 74
