Instanciador iniciado correctamente
-------------------- - 
Se realiza login de manera correcta
Se accede correctamente a Gestión de Cliente
Se accede correctamente a la sección Mis Ofertas lyntia
Nueva Oferta creada correctamente
***Se cumplen las condiciones de crear oferta
Se han introducido correctamente los campos de la Oferta: CRM_COF0011, CLIENTE INTEGRACION, , .
La Oferta se guarda correctamente.
Producto guardado correctamente: Circuitos de capacidad, FTTT, 1 Gbps, , 10, 
Se accede a la ventana de Adjudicar Oferta.
***Se cumple la condicion de oferta adjudicada correctamente
se continua con el pedido correctamente.
Existe en la oferta el producto contratado
Se accede correctamente a la sección Mis Ofertas lyntia
No se pudo agregar un filtro avanzado
-------------------- - 
-------------------- - 
Excepción: OpenQA.Selenium.WebDriverTimeoutException: Timed out after 45 seconds
 ---> OpenQA.Selenium.NoSuchElementException: no such element: Unable to locate element: {"method":"css selector","selector":"input[value='']:not([value*='igual'])+button"}
  (Session info: chrome=107.0.5304.123)
   at OpenQA.Selenium.WebDriver.UnpackAndThrowOnError(Response errorResponse, String commandToExecute)
   at OpenQA.Selenium.WebDriver.Execute(String driverCommandToExecute, Dictionary`2 parameters)
   at OpenQA.Selenium.WebDriver.FindElement(String mechanism, String value)
   at OpenQA.Selenium.By.<.ctor>b__11_0(ISearchContext context)
   at OpenQA.Selenium.By.FindElement(ISearchContext context)
   at OpenQA.Selenium.WebDriver.FindElement(By by)
   at SeleniumExtras.WaitHelpers.ExpectedConditions.<>c__DisplayClass19_0.<ElementToBeClickable>b__0(IWebDriver driver)
   at OpenQA.Selenium.Support.UI.DefaultWait`1.Until[TResult](Func`2 condition, CancellationToken token)
   --- End of inner exception stack trace ---
   at OpenQA.Selenium.Support.UI.DefaultWait`1.ThrowTimeoutException(String exceptionMessage, Exception lastException)
   at OpenQA.Selenium.Support.UI.DefaultWait`1.Until[TResult](Func`2 condition, CancellationToken token)
   at OpenQA.Selenium.Support.UI.DefaultWait`1.Until[TResult](Func`2 condition)
   at Lyntia.TestSet.Actions.CommonActions.waitAndClick(By byElement) in C:\Users\arnau.suiles.ext\source\repos\Lyntia-automation\Lyntia\TestSet\Actions\CommonActions.cs:line 255
   at Lyntia.TestSet.Actions.CommonActions.agregarFiltroAvanzado(String nombreFiltro, String valorFiltro) in C:\Users\arnau.suiles.ext\source\repos\Lyntia-automation\Lyntia\TestSet\Actions\CommonActions.cs:line 297
Se busca la Oferta por parámetro: CRM_COF0011.
Se accede a una Oferta Adjudicada.
***La condicion resultado acceso oferta adjudicada es correcta
Se cancela el proceso de eliminación.
Se accede correctamente a la sección Mis Ofertas lyntia
No se pudo agregar un filtro avanzado
-------------------- - 
-------------------- - 
Excepción: OpenQA.Selenium.WebDriverTimeoutException: Timed out after 45 seconds
 ---> OpenQA.Selenium.NoSuchElementException: no such element: Unable to locate element: {"method":"css selector","selector":"input[value='']:not([value*='igual'])+button"}
  (Session info: chrome=107.0.5304.123)
   at OpenQA.Selenium.WebDriver.UnpackAndThrowOnError(Response errorResponse, String commandToExecute)
   at OpenQA.Selenium.WebDriver.Execute(String driverCommandToExecute, Dictionary`2 parameters)
   at OpenQA.Selenium.WebDriver.FindElement(String mechanism, String value)
   at OpenQA.Selenium.By.<.ctor>b__11_0(ISearchContext context)
   at OpenQA.Selenium.By.FindElement(ISearchContext context)
   at OpenQA.Selenium.WebDriver.FindElement(By by)
   at SeleniumExtras.WaitHelpers.ExpectedConditions.<>c__DisplayClass19_0.<ElementToBeClickable>b__0(IWebDriver driver)
   at OpenQA.Selenium.Support.UI.DefaultWait`1.Until[TResult](Func`2 condition, CancellationToken token)
   --- End of inner exception stack trace ---
   at OpenQA.Selenium.Support.UI.DefaultWait`1.ThrowTimeoutException(String exceptionMessage, Exception lastException)
   at OpenQA.Selenium.Support.UI.DefaultWait`1.Until[TResult](Func`2 condition, CancellationToken token)
   at OpenQA.Selenium.Support.UI.DefaultWait`1.Until[TResult](Func`2 condition)
   at Lyntia.TestSet.Actions.CommonActions.waitAndClick(By byElement) in C:\Users\arnau.suiles.ext\source\repos\Lyntia-automation\Lyntia\TestSet\Actions\CommonActions.cs:line 255
   at Lyntia.TestSet.Actions.CommonActions.agregarFiltroAvanzado(String nombreFiltro, String valorFiltro) in C:\Users\arnau.suiles.ext\source\repos\Lyntia-automation\Lyntia\TestSet\Actions\CommonActions.cs:line 297
Se busca la Oferta por parámetro: CRM_COF0011.
Se accede a una Oferta Adjudicada.
***La condicion resultado acceso oferta adjudicada es correcta
Se elimina la Oferta correctamente.
No se pudo eliminar el registro debido a una asociación
No se puede eliminar el registro porque está asociado a otro registro.
***La condicion resultado eliminar pop up se cumple correctamente
Se accede correctamente a la sección Mis Ofertas lyntia
Se busca la Oferta por parámetro: CRM_COF0011.
No se accede a Oferta adjudicada.
-------------------- - 
-------------------- - 
Excepción: OpenQA.Selenium.ElementClickInterceptedException: element click intercepted: Element <div tabindex="-1" role="gridcell" aria-selected="false" aria-readonly="true" aria-required="false" class="wj-cell" data-id="cell-0-9" id="Gridd52e6bf3-a76a-0a98-a6ee-6d4de01ec9fc-id-cell-0-9" data-lp-id="d0cc5f83-29a2-46a9-896a-9feac1ebda21|entity_control|quote|cc-grid|cc-grid-cell|cell-0-9" aria-colindex="9" title="Adjudicada" style="left: 668px; top: 0px; width: 99px; height: 40px; padding-left: 7px !important; padding-right: 10px; padding-bottom: 2px; padding-top: 2px; line-height: 35px; background: rgb(255, 255, 255);">...</div> is not clickable at point (917, 207). Other element would receive the click: <div id="modalDialogRoot_14_14" tabindex="-1" class="pa-f pa-bh pa-a pa-p pa-aq flexbox">...</div>
  (Session info: chrome=107.0.5304.123)
   at OpenQA.Selenium.WebDriver.UnpackAndThrowOnError(Response errorResponse, String commandToExecute)
   at OpenQA.Selenium.WebDriver.Execute(String driverCommandToExecute, Dictionary`2 parameters)
   at OpenQA.Selenium.WebDriver.InternalExecute(String driverCommandToExecute, Dictionary`2 parameters)
   at OpenQA.Selenium.WebElement.Execute(String commandToExecute, Dictionary`2 parameters)
   at OpenQA.Selenium.WebElement.Click()
   at Lyntia.TestSet.Actions.CommonActions.waitAndClick(String elementKey) in C:\Users\arnau.suiles.ext\source\repos\Lyntia-automation\Lyntia\TestSet\Actions\CommonActions.cs:line 249
   at Lyntia.TestSet.Actions.OfertaActions.Seleccionofertarazonadjudicada(Dictionary`2 datosTestCase) in C:\Users\arnau.suiles.ext\source\repos\Lyntia-automation\Lyntia\TestSet\Actions\OfertaActions.cs:line 824
