Instanciador iniciado correctamente
-------------------- - 
Se realiza login de manera correcta
Se accede correctamente a Gestión de Cliente
Se accede correctamente a la sección Mis Ofertas lyntia
Nueva Oferta creada correctamente
***Se cumplen las condiciones de crear oferta
Se han introducido correctamente los campos de la Oferta: CRM_POAF0003, CLIENTE INTEGRACION, Nuevo servicio, .
La Oferta se guarda correctamente.
Producto guardado correctamente: UbiRed Pro, FTTT, 1 Gbps, , 4, 
Producto guardado correctamente: UbiRed Pro, FTTE, 1 Gbps, , 7, 
Se accede a la ventana de Adjudicar Oferta.
***Se cumple la condicion de oferta adjudicada correctamente
No se continua con el pedido correctamente.
-------------------- - 
-------------------- - 
Excepción: OpenQA.Selenium.WebDriverTimeoutException: Timed out after 45 seconds
 ---> OpenQA.Selenium.NoSuchElementException: no such element: Unable to locate element: {"method":"xpath","selector":"//*[@id="confirmButton_7"]"}
  (Session info: chrome=110.0.5481.104)
   at OpenQA.Selenium.WebDriver.UnpackAndThrowOnError(Response errorResponse, String commandToExecute)
   at OpenQA.Selenium.WebDriver.Execute(String driverCommandToExecute, Dictionary`2 parameters)
   at OpenQA.Selenium.WebDriver.FindElement(String mechanism, String value)
   at OpenQA.Selenium.By.<.ctor>b__11_0(ISearchContext context)
   at OpenQA.Selenium.By.FindElement(ISearchContext context)
   at OpenQA.Selenium.WebDriver.FindElement(By by)
   at SeleniumExtras.WaitHelpers.ExpectedConditions.<>c__DisplayClass19_0.<ElementToBeClickable>b__0(IWebDriver driver)
   at OpenQA.Selenium.Support.UI.DefaultWait`1.Until[TResult](Func`2 condition, CancellationToken token)
   --- End of inner exception stack trace ---
   at OpenQA.Selenium.Support.UI.DefaultWait`1.ThrowTimeoutException(String exceptionMessage, Exception lastException)
   at OpenQA.Selenium.Support.UI.DefaultWait`1.Until[TResult](Func`2 condition, CancellationToken token)
   at OpenQA.Selenium.Support.UI.DefaultWait`1.Until[TResult](Func`2 condition)
   at Lyntia.TestSet.Actions.CommonActions.waitAndClick(String elementKey) in C:\Testing\Lyntia\Lyntia\TestSet\Actions\CommonActions.cs:line 248
   at Lyntia.TestSet.Actions.OfertaActions.VentanaCrearPedidofechaposterior(String fecha) in C:\Testing\Lyntia\Lyntia\TestSet\Actions\OfertaActions.cs:line 957
