Instanciador iniciado correctamente
-------------------- - 
Se realiza login de manera correcta
Se accede correctamente a Gesti贸n de Cliente
Se accede correctamente a la secci贸n Mis Ofertas lyntia
Nueva Oferta creada correctamente
***Se cumplen las condiciones de crear oferta
Se han introducido correctamente los campos de la Oferta: CRM_POAF0005, CLIENTE INTEGRACION, Nuevo servicio, .
La Oferta se guarda correctamente.
Producto guardado correctamente: Colocation, , , , 4, 
Producto guardado correctamente: Colocation, , , , 6, 
Se accede a la ventana de Adjudicar Oferta.
***Se cumple la condicion de oferta adjudicada correctamente
se continua con el pedido correctamente.
No existe en la oferta el producto contratado
-------------------- - 
-------------------- - 
Excepci贸n: OpenQA.Selenium.WebDriverTimeoutException: Timed out after 45 seconds
 ---> OpenQA.Selenium.NoSuchElementException: no such element: Unable to locate element: {"method":"xpath","selector":"//label[@aria-label='En construcci贸n']/div"}
  (Session info: chrome=112.0.5615.138)
   at OpenQA.Selenium.WebDriver.UnpackAndThrowOnError(Response errorResponse, String commandToExecute)
   at OpenQA.Selenium.WebDriver.Execute(String driverCommandToExecute, Dictionary`2 parameters)
   at OpenQA.Selenium.WebDriver.FindElement(String mechanism, String value)
   at OpenQA.Selenium.By.<.ctor>b__11_0(ISearchContext context)
   at OpenQA.Selenium.By.FindElement(ISearchContext context)
   at OpenQA.Selenium.WebDriver.FindElement(By by)
   at OpenQA.Selenium.Support.UI.DefaultWait`1.Until[TResult](Func`2 condition, CancellationToken token)
   --- End of inner exception stack trace ---
   at OpenQA.Selenium.Support.UI.DefaultWait`1.ThrowTimeoutException(String exceptionMessage, Exception lastException)
   at OpenQA.Selenium.Support.UI.DefaultWait`1.Until[TResult](Func`2 condition, CancellationToken token)
   at OpenQA.Selenium.Support.UI.DefaultWait`1.Until[TResult](Func`2 condition)
   at Lyntia.TestSet.Conditions.OfertaConditions.ResultadResVentanaCrearPedidofechaposterior() in C:\Users\joel.amores\source\repos\Lyntia-automation\Lyntia\TestSet\Conditions\OfertaConditions.cs:line 559
